[debug] [2025-09-16T01:11:46.719Z] ----------------------------------------------------------------------
[debug] [2025-09-16T01:11:46.722Z] Command:       C:\Program Files\nodejs\node.exe C:\Users\jburt\AppData\Roaming\npm\node_modules\firebase-tools\lib\bin\firebase.js init
[debug] [2025-09-16T01:11:46.722Z] CLI Version:   14.16.0
[debug] [2025-09-16T01:11:46.722Z] Platform:      win32
[debug] [2025-09-16T01:11:46.722Z] Node Version:  v22.14.0
[debug] [2025-09-16T01:11:46.722Z] Time:          Mon Sep 15 2025 21:11:46 GMT-0400 (Eastern Daylight Saving Time)
[debug] [2025-09-16T01:11:46.722Z] ----------------------------------------------------------------------
[debug] 
[debug] [2025-09-16T01:11:46.727Z] > command requires scopes: ["email","openid","https://www.googleapis.com/auth/cloudplatformprojects.readonly","https://www.googleapis.com/auth/firebase","https://www.googleapis.com/auth/cloud-platform"]
[debug] [2025-09-16T01:11:46.727Z] > authorizing via signed-in user (softwaretester3413@gmail.com)
[info] 
     ######## #### ########  ######## ########     ###     ######  ########
     ##        ##  ##     ## ##       ##     ##  ##   ##  ##       ##
     ######    ##  ########  ######   ########  #########  ######  ######
     ##        ##  ##    ##  ##       ##     ## ##     ##       ## ##
     ##       #### ##     ## ######## ########  ##     ##  ######  ########

You're about to initialize a Firebase project in this directory:

  C:\Users\jburt\Desktop\Software\SoftwareEngineering\FoodDelivery

[debug] [2025-09-16T01:16:45.821Z] ExitPromptError: User force closed the prompt with SIGINT
    at Interface.sigint (C:\Users\jburt\AppData\Roaming\npm\node_modules\firebase-tools\node_modules\@inquirer\core\dist\commonjs\lib\create-prompt.js:101:37)
    at Interface.emit (node:events:518:28)
    at Interface.emit (node:domain:489:12)
    at [_ttyWrite] [as _ttyWrite] (node:internal/readline/interface:1124:18)
    at ReadStream.onkeypress (node:internal/readline/interface:263:20)
    at ReadStream.emit (node:events:530:35)
    at ReadStream.emit (node:domain:489:12)
    at emitKeys (node:internal/readline/utils:370:14)
    at emitKeys.next (<anonymous>)
    at ReadStream.onData (node:internal/readline/emitKeypressEvents:64:36)
[error] 
[error] Error: An unexpected error has occurred.
